\BOOKMARK [0][-]{section*.7}{Introducci\363n}{}% 1
\BOOKMARK [0][-]{chapter.1}{Directorio \332nico}{}% 2
\BOOKMARK [1][-]{section.1.1}{Surgimiento}{chapter.1}% 3
\BOOKMARK [1][-]{section.1.2}{Problemas del sistema actual}{chapter.1}% 4
\BOOKMARK [2][-]{subsection.1.2.1}{Mantenimiento y extensibilidad del Sistema}{section.1.2}% 5
\BOOKMARK [2][-]{subsection.1.2.2}{Desuso de datos almacenados}{section.1.2}% 6
\BOOKMARK [2][-]{subsection.1.2.3}{Incumplimiento de pol\355ticas de baja de usuarios}{section.1.2}% 7
\BOOKMARK [2][-]{subsection.1.2.4}{Carencia de protocolos comunes para servicios externos}{section.1.2}% 8
\BOOKMARK [1][-]{section.1.3}{Propuesta de soluci\363n}{chapter.1}% 9
\BOOKMARK [0][-]{chapter.2}{Estado del arte}{}% 10
\BOOKMARK [1][-]{section.2.1}{LDAP}{chapter.2}% 11
\BOOKMARK [2][-]{subsection.2.1.1}{\277Qu\351 es el protocolo LDAP?}{section.2.1}% 12
\BOOKMARK [2][-]{subsection.2.1.2}{Conceptos Importantes dentro de LDAP}{section.2.1}% 13
\BOOKMARK [2][-]{subsection.2.1.3}{Implementaciones m\341s utilizadas}{section.2.1}% 14
\BOOKMARK [2][-]{subsection.2.1.4}{Modos de empleo usuales}{section.2.1}% 15
\BOOKMARK [1][-]{section.2.2}{Docker}{chapter.2}% 16
\BOOKMARK [2][-]{subsection.2.2.1}{\277Qu\351 es Docker?}{section.2.2}% 17
\BOOKMARK [2][-]{subsection.2.2.2}{Ventajas de utilizar Docker}{section.2.2}% 18
\BOOKMARK [2][-]{subsection.2.2.3}{\277Qu\351 es un contenedor de docker?}{section.2.2}% 19
\BOOKMARK [1][-]{section.2.3}{API}{chapter.2}% 20
\BOOKMARK [2][-]{subsection.2.3.1}{\277Qu\351 es una API?}{section.2.3}% 21
\BOOKMARK [2][-]{subsection.2.3.2}{Ventajas de implementar una API}{section.2.3}% 22
\BOOKMARK [2][-]{subsection.2.3.3}{Tecnolog\355as para implementaci\363n m\341s utilizadas}{section.2.3}% 23
\BOOKMARK [1][-]{section.2.4}{Interfaz web}{chapter.2}% 24
\BOOKMARK [0][-]{chapter.3}{Implementaci\363n del sistema}{}% 25
\BOOKMARK [1][-]{section.3.1}{Consideraciones previas}{chapter.3}% 26
\BOOKMARK [1][-]{section.3.2}{Estracci\363n de la informaci\363n de estudiantes y trabajadores}{chapter.3}% 27
\BOOKMARK [2][-]{subsection.3.2.1}{M\363dulo para generar los LDIF de los estudiantes}{section.3.2}% 28
\BOOKMARK [2][-]{subsection.3.2.2}{M\363dulo para generar los LDIF de los trabajadores}{section.3.2}% 29
\BOOKMARK [1][-]{section.3.3}{API}{chapter.3}% 30
\BOOKMARK [2][-]{subsection.3.3.1}{Listado de recursos}{section.3.3}% 31
\BOOKMARK [1][-]{section.3.4}{Interfaz web}{chapter.3}% 32
\BOOKMARK [1][-]{section.3.5}{Bolsa de servicios}{chapter.3}% 33
\BOOKMARK [0][-]{section*.35}{Recomendaciones}{}% 34
\BOOKMARK [0][-]{section*.37}{Conclusiones}{}% 35
\BOOKMARK [0][-]{chapter*.39}{Bibliograf\355a}{}% 36
